-------------------------------------------------------------------------------
Test set: selenium.ExampleSeleniumTest
-------------------------------------------------------------------------------
Tests run: 35, Failures: 1, Errors: 0, Skipped: 0, Time elapsed: 185.19 s <<< FAILURE! - in selenium.ExampleSeleniumTest
F6NegativeTest  Time elapsed: 1.879 s  <<< FAILURE!
org.opentest4j.AssertionFailedError: expected: <$0.00> but was: <$10.00>
	at selenium.ExampleSeleniumTest.F6NegativeTest(ExampleSeleniumTest.java:292)

