<?xml version="1.0" encoding="UTF-8"?>
<testsuite xmlns:xsi="http://www.w3.org/2001/XMLSchema-instance" xsi:noNamespaceSchemaLocation="https://maven.apache.org/surefire/maven-surefire-plugin/xsd/surefire-test-report.xsd" name="selenium.ExampleSeleniumTest" time="185.19" tests="35" errors="0" skipped="0" failures="1">
  <properties>
[...]
</properties>
  <testcase name="test1" classname="selenium.ExampleSeleniumTest" time="2.531"/>
  <testcase name="test2" classname="selenium.ExampleSeleniumTest" time="2.342"/>
  <testcase name="F1PositiveTest" classname="selenium.ExampleSeleniumTest" time="2.863"/>
  <testcase name="F1NegativeTest" classname="selenium.ExampleSeleniumTest" time="12.575"/>
  <testcase name="F2PositiveTest" classname="selenium.ExampleSeleniumTest" time="1.886"/>
  <testcase name="F2NegativeTest" classname="selenium.ExampleSeleniumTest" time="2.009"/>
  <testcase name="F3PositiveTest" classname="selenium.ExampleSeleniumTest" time="1.897"/>
  <testcase name="F3NegativeTest" classname="selenium.ExampleSeleniumTest" time="12.514"/>
  <testcase name="F4PositiveTest" classname="selenium.ExampleSeleniumTest" time="2.001"/>
  <testcase name="F4NegativeTest" classname="selenium.ExampleSeleniumTest" time="31.876"/>
  <testcase name="F5PositiveTest" classname="selenium.ExampleSeleniumTest" time="2.113"/>
  <testcase name="F5NegativeTest" classname="selenium.ExampleSeleniumTest" time="12.087"/>
  <testcase name="F6PositiveTest" classname="selenium.ExampleSeleniumTest" time="1.941"/>
  <testcase name="F6NegativeTest" classname="selenium.ExampleSeleniumTest" time="1.879">
    <failure message="expected: &lt;$0.00&gt; but was: &lt;$10.00&gt;" type="org.opentest4j.AssertionFailedError"><![CDATA[org.opentest4j.AssertionFailedError: expected: <$0.00> but was: <$10.00>
	at selenium.ExampleSeleniumTest.F6NegativeTest(ExampleSeleniumTest.java:292)
]]></failure>
    <system-err><![CDATA[Starting ChromeDriver 91.0.4472.101 (af52a90bf87030dd1523486a1cd3ae25c5d76c9b-refs/branch-heads/4472@{#1462}) on port 22454
Only local connections are allowed.
Please see https://chromedriver.chromium.org/security-considerations for suggestions on keeping ChromeDriver safe.
ChromeDriver was started successfully.
Jul. 15, 2021 1:20:04 A.M. org.openqa.selenium.remote.ProtocolHandshake createSession
INFO: Detected dialect: W3C
]]></system-err>
  </testcase>
  <testcase name="F7PositiveTest" classname="selenium.ExampleSeleniumTest" time="13.598"/>
  <testcase name="F7NegativeTest" classname="selenium.ExampleSeleniumTest" time="2.377"/>
  <testcase name="F8PositiveTest" classname="selenium.ExampleSeleniumTest" time="2.532"/>
  <testcase name="F8NegativeTest" classname="selenium.ExampleSeleniumTest" time="12.057"/>
  <testcase name="UseCaseTest1_1" classname="selenium.ExampleSeleniumTest" time="1.857"/>
  <testcase name="UseCaseTest1_2" classname="selenium.ExampleSeleniumTest" time="2.32"/>
  <testcase name="UseCaseTest2_1" classname="selenium.ExampleSeleniumTest" time="2.054"/>
  <testcase name="UseCaseTest3_1" classname="selenium.ExampleSeleniumTest" time="2.423"/>
  <testcase name="UseCaseTest3_2" classname="selenium.ExampleSeleniumTest" time="2.495"/>
  <testcase name="UseCaseTest3_3" classname="selenium.ExampleSeleniumTest" time="2.564"/>
  <testcase name="UseCaseTest4_1" classname="selenium.ExampleSeleniumTest" time="2.221"/>
  <testcase name="UseCaseTest4_2" classname="selenium.ExampleSeleniumTest" time="1.862"/>
  <testcase name="UseCaseTest4_3" classname="selenium.ExampleSeleniumTest" time="1.978"/>
  <testcase name="UseCaseTest5_1" classname="selenium.ExampleSeleniumTest" time="13.42"/>
  <testcase name="UseCaseTest6_1" classname="selenium.ExampleSeleniumTest" time="2.115"/>
  <testcase name="UseCaseTest6_2" classname="selenium.ExampleSeleniumTest" time="1.97"/>
  <testcase name="UseCaseTest7_1" classname="selenium.ExampleSeleniumTest" time="2.07"/>
  <testcase name="UseCaseTest8_1" classname="selenium.ExampleSeleniumTest" time="2.153"/>
  <testcase name="UseCaseTest8_2" classname="selenium.ExampleSeleniumTest" time="12.251"/>
  <testcase name="UseCaseTest9_1" classname="selenium.ExampleSeleniumTest" time="2.867"/>
  <testcase name="UseCaseTest10_1" classname="selenium.ExampleSeleniumTest" time="2.456"/>
</testsuite>