<?xml version="1.0" encoding="UTF-8"?>
<testsuite xmlns:xsi="http://www.w3.org/2001/XMLSchema-instance" xsi:noNamespaceSchemaLocation="https://maven.apache.org/surefire/maven-surefire-plugin/xsd/surefire-test-report.xsd" name="selenium.ExampleSeleniumTest" time="185.693" tests="37" errors="0" skipped="0" failures="1">
  <properties>
[...]
</properties>
  <testcase name="test1" classname="selenium.ExampleSeleniumTest" time="4.176"/>
  <testcase name="test2" classname="selenium.ExampleSeleniumTest" time="1.625"/>
  <testcase name="F1PositiveTest" classname="selenium.ExampleSeleniumTest" time="3.096"/>
  <testcase name="F1NegativeTest" classname="selenium.ExampleSeleniumTest" time="13.173"/>
  <testcase name="F2_1PositiveTest" classname="selenium.ExampleSeleniumTest" time="1.819"/>
  <testcase name="F2_1NegativeTest" classname="selenium.ExampleSeleniumTest" time="1.55"/>
  <testcase name="F2_2PositiveTest" classname="selenium.ExampleSeleniumTest" time="1.516"/>
  <testcase name="F2_2NegativeTest" classname="selenium.ExampleSeleniumTest" time="1.577"/>
  <testcase name="F3PositiveTest" classname="selenium.ExampleSeleniumTest" time="1.928"/>
  <testcase name="F3NegativeTest" classname="selenium.ExampleSeleniumTest" time="11.707"/>
  <testcase name="F4PositiveTest" classname="selenium.ExampleSeleniumTest" time="1.732"/>
  <testcase name="F4NegativeTest" classname="selenium.ExampleSeleniumTest" time="31.656"/>
  <testcase name="F5PositiveTest" classname="selenium.ExampleSeleniumTest" time="1.857"/>
  <testcase name="F5NegativeTest" classname="selenium.ExampleSeleniumTest" time="11.813"/>
  <testcase name="F6PositiveTest" classname="selenium.ExampleSeleniumTest" time="1.871"/>
  <testcase name="F6NegativeTest" classname="selenium.ExampleSeleniumTest" time="1.8">
    <failure message="expected: &lt;$0.00&gt; but was: &lt;$10.00&gt;" type="org.opentest4j.AssertionFailedError"><![CDATA[org.opentest4j.AssertionFailedError: expected: <$0.00> but was: <$10.00>
	at selenium.ExampleSeleniumTest.F6NegativeTest(ExampleSeleniumTest.java:332)
]]></failure>
    <system-err><![CDATA[Starting ChromeDriver 91.0.4472.101 (af52a90bf87030dd1523486a1cd3ae25c5d76c9b-refs/branch-heads/4472@{#1462}) on port 12239
Only local connections are allowed.
Please see https://chromedriver.chromium.org/security-considerations for suggestions on keeping ChromeDriver safe.
ChromeDriver was started successfully.
Jul 19, 2021 8:28:21 AM org.openqa.selenium.remote.ProtocolHandshake createSession
INFO: Detected dialect: W3C
]]></system-err>
  </testcase>
  <testcase name="F7PositiveTest" classname="selenium.ExampleSeleniumTest" time="13.851"/>
  <testcase name="F7NegativeTest" classname="selenium.ExampleSeleniumTest" time="2.241"/>
  <testcase name="F8PositiveTest" classname="selenium.ExampleSeleniumTest" time="2.056"/>
  <testcase name="F8NegativeTest" classname="selenium.ExampleSeleniumTest" time="11.886"/>
  <testcase name="UseCaseTest1_1" classname="selenium.ExampleSeleniumTest" time="1.908"/>
  <testcase name="UseCaseTest1_2" classname="selenium.ExampleSeleniumTest" time="2.184"/>
  <testcase name="UseCaseTest2_1" classname="selenium.ExampleSeleniumTest" time="1.937"/>
  <testcase name="UseCaseTest3_1" classname="selenium.ExampleSeleniumTest" time="2.339"/>
  <testcase name="UseCaseTest3_2" classname="selenium.ExampleSeleniumTest" time="3.471"/>
  <testcase name="UseCaseTest3_3" classname="selenium.ExampleSeleniumTest" time="3.558"/>
  <testcase name="UseCaseTest4_1" classname="selenium.ExampleSeleniumTest" time="1.763"/>
  <testcase name="UseCaseTest4_2" classname="selenium.ExampleSeleniumTest" time="1.754"/>
  <testcase name="UseCaseTest4_3" classname="selenium.ExampleSeleniumTest" time="1.818"/>
  <testcase name="UseCaseTest5_1" classname="selenium.ExampleSeleniumTest" time="13.309"/>
  <testcase name="UseCaseTest6_1" classname="selenium.ExampleSeleniumTest" time="1.996"/>
  <testcase name="UseCaseTest6_2" classname="selenium.ExampleSeleniumTest" time="1.811"/>
  <testcase name="UseCaseTest7_1" classname="selenium.ExampleSeleniumTest" time="1.929"/>
  <testcase name="UseCaseTest8_1" classname="selenium.ExampleSeleniumTest" time="2.114"/>
  <testcase name="UseCaseTest8_2" classname="selenium.ExampleSeleniumTest" time="12.061"/>
  <testcase name="UseCaseTest9_1" classname="selenium.ExampleSeleniumTest" time="2.148"/>
  <testcase name="UseCaseTest10_1" classname="selenium.ExampleSeleniumTest" time="1.609"/>
</testsuite>